This is pdfTeX, Version 3.141592653-2.6-1.40.24 (MiKTeX 22.7) (preloaded format=pdflatex 2022.8.25)  26 APR 2023 20:41
entering extended mode
 \write18 enabled.
 file:line:error style messages enabled.
 %&-line parsing enabled.
**"c:/Users/701da/OneDrive - Ladies In Technology/SHARED/WEBSITE_AND_TECH/Operations Research/mock_interviews/nametag_build/main.tex"
(c:/Users/701da/OneDrive - Ladies In Technology/SHARED/WEBSITE_AND_TECH/Operations Research/mock_interviews/nametag_build/main.tex
LaTeX2e <2022-06-01> patch level 5
L3 programming layer <2022-07-04> (C:\Users\701da\AppData\Local\Programs\MiKTeX\tex/latex/base\letter.cls
Document Class: letter 2021/12/07 v1.3c Standard LaTeX document class
(C:\Users\701da\AppData\Local\Programs\MiKTeX\tex/latex/base\size10.clo
File: size10.clo 2021/10/04 v1.4n Standard LaTeX file (size option)
)
\longindentation=\dimen138
\indentedwidth=\dimen139
\labelcount=\count185
) (C:\Users\701da\AppData\Local\Programs\MiKTeX\tex/latex/ticket\ticket.sty
Package: ticket 2016/10/11 v0.4d

Package: `ticket' v0.4d <2016/10/11> (Thomas Emmel)
(C:\Users\701da\AppData\Local\Programs\MiKTeX\tex/latex/base\ifthen.sty
Package: ifthen 2022/04/13 v1.1d Standard LaTeX ifthen package (DPC)
) (C:\Users\701da\AppData\Local\Programs\MiKTeX\tex/latex/tools\calc.sty
Package: calc 2017/05/25 v4.3 Infix arithmetic (KKT,FJ)
\calc@Acount=\count186
\calc@Bcount=\count187
\calc@Adimen=\dimen140
\calc@Bdimen=\dimen141
\calc@Askip=\skip47
\calc@Bskip=\skip48
LaTeX Info: Redefining \setlength on input line 80.
LaTeX Info: Redefining \addtolength on input line 81.
\calc@Ccount=\count188
\calc@Cskip=\skip49
)
\c@ticket@x=\count189
\c@ticket@y=\count190
\c@ticket@num@X=\count191
\c@ticket@num@Y=\count192
\ticketWidth=\dimen142
\ticketHeight=\dimen143
\ticket@dis@X=\dimen144
\ticket@dis@Y=\dimen145

load freepin.tdf
(C:\Users\701da\AppData\Local\Programs\MiKTeX\tex/latex/ticket\freepin.tdf)
\ticket@shift@x=\dimen146
\ticket@shift@y=\dimen147
\back@shift=\dimen148
\c@ticket@skipped=\count193
) (C:\Users\701da\AppData\Local\Programs\MiKTeX\tex/latex/graphics\graphicx.sty
Package: graphicx 2021/09/16 v1.2d Enhanced LaTeX Graphics (DPC,SPQR)
 (C:\Users\701da\AppData\Local\Programs\MiKTeX\tex/latex/graphics\keyval.sty
Package: keyval 2022/05/29 v1.15 key=value parser (DPC)
\KV@toks@=\toks16
) (C:\Users\701da\AppData\Local\Programs\MiKTeX\tex/latex/graphics\graphics.sty
Package: graphics 2022/03/10 v1.4e Standard LaTeX Graphics (DPC,SPQR)
 (C:\Users\701da\AppData\Local\Programs\MiKTeX\tex/latex/graphics\trig.sty
Package: trig 2021/08/11 v1.11 sin cos tan (DPC)
) (C:\Users\701da\AppData\Local\Programs\MiKTeX\tex/latex/graphics-cfg\graphics.cfg
File: graphics.cfg 2016/06/04 v1.11 sample graphics configuration
)
Package graphics Info: Driver file: pdftex.def on input line 107.
 (C:\Users\701da\AppData\Local\Programs\MiKTeX\tex/latex/graphics-def\pdftex.def
File: pdftex.def 2020/10/05 v1.2a Graphics/color driver for pdftex
))
\Gin@req@height=\dimen149
\Gin@req@width=\dimen150
) (C:\Users\701da\AppData\Local\Programs\MiKTeX\tex/latex/l3backend\l3backend-pdftex.def
File: l3backend-pdftex.def 2022-07-01 L3 backend support: PDF output (pdfTeX)
\l__color_backend_stack_int=\count194
\l__pdf_internal_box=\box51
) (main.aux)
\openout1 = `main.aux'.

LaTeX Font Info:    Checking defaults for OML/cmm/m/it on input line 47.
LaTeX Font Info:    ... okay on input line 47.
LaTeX Font Info:    Checking defaults for OMS/cmsy/m/n on input line 47.
LaTeX Font Info:    ... okay on input line 47.
LaTeX Font Info:    Checking defaults for OT1/cmr/m/n on input line 47.
LaTeX Font Info:    ... okay on input line 47.
LaTeX Font Info:    Checking defaults for T1/cmr/m/n on input line 47.
LaTeX Font Info:    ... okay on input line 47.
LaTeX Font Info:    Checking defaults for TS1/cmr/m/n on input line 47.
LaTeX Font Info:    ... okay on input line 47.
LaTeX Font Info:    Checking defaults for OMX/cmex/m/n on input line 47.
LaTeX Font Info:    ... okay on input line 47.
LaTeX Font Info:    Checking defaults for U/cmr/m/n on input line 47.
LaTeX Font Info:    ... okay on input line 47.
 (C:\Users\701da\AppData\Local\Programs\MiKTeX\tex/context/base/mkii\supp-pdf.mkii
[Loading MPS to PDF converter (version 2006.09.02).]
\scratchcounter=\count195
\scratchdimen=\dimen151
\scratchbox=\box52
\nofMPsegments=\count196
\nofMParguments=\count197
\everyMPshowfont=\toks17
\MPscratchCnt=\count198
\MPscratchDim=\dimen152
\MPnumerator=\count199
\makeMPintoPDFobject=\count266
\everyMPtoPDFconversion=\toks18
) (C:\Users\701da\AppData\Local\Programs\MiKTeX\tex/latex/epstopdf-pkg\epstopdf-base.sty
Package: epstopdf-base 2020-01-24 v2.11 Base part for package epstopdf
Package epstopdf-base Info: Redefining graphics rule for `.eps' on input line 485.
 (C:\Users\701da\AppData\Local\Programs\MiKTeX\tex/latex/00miktex\epstopdf-sys.cfg
File: epstopdf-sys.cfg 2021/03/18 v2.0 Configuration of epstopdf for MiKTeX
))
<images/watermark2.png, id=1, 307.3884pt x 108.405pt>
File: images/watermark2.png Graphic file (type png)
<use images/watermark2.png>
Package pdftex.def Info: images/watermark2.png  used on input line 48.
(pdftex.def)             Requested size: 324.3614pt x 114.3943pt.
File: images/watermark2.png Graphic file (type png)
<use images/watermark2.png>
Package pdftex.def Info: images/watermark2.png  used on input line 49.
(pdftex.def)             Requested size: 324.3614pt x 114.3943pt.
File: images/watermark2.png Graphic file (type png)
<use images/watermark2.png>
Package pdftex.def Info: images/watermark2.png  used on input line 50.
(pdftex.def)             Requested size: 324.3614pt x 114.3943pt.
File: images/watermark2.png Graphic file (type png)
<use images/watermark2.png>
Package pdftex.def Info: images/watermark2.png  used on input line 51.
(pdftex.def)             Requested size: 324.3614pt x 114.3943pt.
File: images/watermark2.png Graphic file (type png)
<use images/watermark2.png>
Package pdftex.def Info: images/watermark2.png  used on input line 52.
(pdftex.def)             Requested size: 324.3614pt x 114.3943pt.
File: images/watermark2.png Graphic file (type png)
<use images/watermark2.png>
Package pdftex.def Info: images/watermark2.png  used on input line 53.
(pdftex.def)             Requested size: 324.3614pt x 114.3943pt.
File: images/watermark2.png Graphic file (type png)
<use images/watermark2.png>
Package pdftex.def Info: images/watermark2.png  used on input line 54.
(pdftex.def)             Requested size: 324.3614pt x 114.3943pt.
File: images/watermark2.png Graphic file (type png)
<use images/watermark2.png>
Package pdftex.def Info: images/watermark2.png  used on input line 55.
(pdftex.def)             Requested size: 324.3614pt x 114.3943pt.
File: images/watermark2.png Graphic file (type png)
<use images/watermark2.png>
Package pdftex.def Info: images/watermark2.png  used on input line 56.
(pdftex.def)             Requested size: 324.3614pt x 114.3943pt.
File: images/watermark2.png Graphic file (type png)
<use images/watermark2.png>
Package pdftex.def Info: images/watermark2.png  used on input line 57.
(pdftex.def)             Requested size: 324.3614pt x 114.3943pt.
File: images/watermark2.png Graphic file (type png)
<use images/watermark2.png>
Package pdftex.def Info: images/watermark2.png  used on input line 58.
(pdftex.def)             Requested size: 324.3614pt x 114.3943pt.
File: images/watermark2.png Graphic file (type png)
<use images/watermark2.png>
Package pdftex.def Info: images/watermark2.png  used on input line 59.
(pdftex.def)             Requested size: 324.3614pt x 114.3943pt.
File: images/watermark2.png Graphic file (type png)
<use images/watermark2.png>
Package pdftex.def Info: images/watermark2.png  used on input line 60.
(pdftex.def)             Requested size: 324.3614pt x 114.3943pt.
File: images/watermark2.png Graphic file (type png)
<use images/watermark2.png>
Package pdftex.def Info: images/watermark2.png  used on input line 61.
(pdftex.def)             Requested size: 324.3614pt x 114.3943pt.
 [1

{C:/Users/701da/AppData/Local/MiKTeX/fonts/map/pdftex/pdftex.map} <./images/watermark2.png>]
File: images/watermark2.png Graphic file (type png)
<use images/watermark2.png>
Package pdftex.def Info: images/watermark2.png  used on input line 62.
(pdftex.def)             Requested size: 324.3614pt x 114.3943pt.
File: images/watermark2.png Graphic file (type png)
<use images/watermark2.png>
Package pdftex.def Info: images/watermark2.png  used on input line 63.
(pdftex.def)             Requested size: 324.3614pt x 114.3943pt.
File: images/watermark2.png Graphic file (type png)
<use images/watermark2.png>
Package pdftex.def Info: images/watermark2.png  used on input line 64.
(pdftex.def)             Requested size: 324.3614pt x 114.3943pt.
File: images/watermark2.png Graphic file (type png)
<use images/watermark2.png>
Package pdftex.def Info: images/watermark2.png  used on input line 65.
(pdftex.def)             Requested size: 324.3614pt x 114.3943pt.
File: images/watermark2.png Graphic file (type png)
<use images/watermark2.png>
Package pdftex.def Info: images/watermark2.png  used on input line 66.
(pdftex.def)             Requested size: 324.3614pt x 114.3943pt.
File: images/watermark2.png Graphic file (type png)
<use images/watermark2.png>
Package pdftex.def Info: images/watermark2.png  used on input line 67.
(pdftex.def)             Requested size: 324.3614pt x 114.3943pt.
File: images/watermark2.png Graphic file (type png)
<use images/watermark2.png>
Package pdftex.def Info: images/watermark2.png  used on input line 68.
(pdftex.def)             Requested size: 324.3614pt x 114.3943pt.
File: images/watermark2.png Graphic file (type png)
<use images/watermark2.png>
Package pdftex.def Info: images/watermark2.png  used on input line 69.
(pdftex.def)             Requested size: 324.3614pt x 114.3943pt.
File: images/watermark2.png Graphic file (type png)
<use images/watermark2.png>
Package pdftex.def Info: images/watermark2.png  used on input line 70.
(pdftex.def)             Requested size: 324.3614pt x 114.3943pt.
File: images/watermark2.png Graphic file (type png)
<use images/watermark2.png>
Package pdftex.def Info: images/watermark2.png  used on input line 71.
(pdftex.def)             Requested size: 324.3614pt x 114.3943pt.
File: images/watermark2.png Graphic file (type png)
<use images/watermark2.png>
Package pdftex.def Info: images/watermark2.png  used on input line 72.
(pdftex.def)             Requested size: 324.3614pt x 114.3943pt.
File: images/watermark2.png Graphic file (type png)
<use images/watermark2.png>
Package pdftex.def Info: images/watermark2.png  used on input line 73.
(pdftex.def)             Requested size: 324.3614pt x 114.3943pt.
File: images/watermark2.png Graphic file (type png)
<use images/watermark2.png>
Package pdftex.def Info: images/watermark2.png  used on input line 74.
(pdftex.def)             Requested size: 324.3614pt x 114.3943pt.
File: images/watermark2.png Graphic file (type png)
<use images/watermark2.png>
Package pdftex.def Info: images/watermark2.png  used on input line 75.
(pdftex.def)             Requested size: 324.3614pt x 114.3943pt.
 [2]
File: images/watermark2.png Graphic file (type png)
<use images/watermark2.png>
Package pdftex.def Info: images/watermark2.png  used on input line 76.
(pdftex.def)             Requested size: 324.3614pt x 114.3943pt.
File: images/watermark2.png Graphic file (type png)
<use images/watermark2.png>
Package pdftex.def Info: images/watermark2.png  used on input line 77.
(pdftex.def)             Requested size: 324.3614pt x 114.3943pt.
File: images/watermark2.png Graphic file (type png)
<use images/watermark2.png>
Package pdftex.def Info: images/watermark2.png  used on input line 78.
(pdftex.def)             Requested size: 324.3614pt x 114.3943pt.
File: images/watermark2.png Graphic file (type png)
<use images/watermark2.png>
Package pdftex.def Info: images/watermark2.png  used on input line 79.
(pdftex.def)             Requested size: 324.3614pt x 114.3943pt.
File: images/watermark2.png Graphic file (type png)
<use images/watermark2.png>
Package pdftex.def Info: images/watermark2.png  used on input line 80.
(pdftex.def)             Requested size: 324.3614pt x 114.3943pt.
File: images/watermark2.png Graphic file (type png)
<use images/watermark2.png>
Package pdftex.def Info: images/watermark2.png  used on input line 81.
(pdftex.def)             Requested size: 324.3614pt x 114.3943pt.
File: images/watermark2.png Graphic file (type png)
<use images/watermark2.png>
Package pdftex.def Info: images/watermark2.png  used on input line 82.
(pdftex.def)             Requested size: 324.3614pt x 114.3943pt.
File: images/watermark2.png Graphic file (type png)
<use images/watermark2.png>
Package pdftex.def Info: images/watermark2.png  used on input line 83.
(pdftex.def)             Requested size: 324.3614pt x 114.3943pt.
File: images/watermark2.png Graphic file (type png)
<use images/watermark2.png>
Package pdftex.def Info: images/watermark2.png  used on input line 84.
(pdftex.def)             Requested size: 324.3614pt x 114.3943pt.
File: images/watermark2.png Graphic file (type png)
<use images/watermark2.png>
Package pdftex.def Info: images/watermark2.png  used on input line 85.
(pdftex.def)             Requested size: 324.3614pt x 114.3943pt.
File: images/watermark2.png Graphic file (type png)
<use images/watermark2.png>
Package pdftex.def Info: images/watermark2.png  used on input line 86.
(pdftex.def)             Requested size: 324.3614pt x 114.3943pt.
File: images/watermark2.png Graphic file (type png)
<use images/watermark2.png>
Package pdftex.def Info: images/watermark2.png  used on input line 87.
(pdftex.def)             Requested size: 324.3614pt x 114.3943pt.
File: images/watermark2.png Graphic file (type png)
<use images/watermark2.png>
Package pdftex.def Info: images/watermark2.png  used on input line 88.
(pdftex.def)             Requested size: 324.3614pt x 114.3943pt.
File: images/watermark2.png Graphic file (type png)
<use images/watermark2.png>
Package pdftex.def Info: images/watermark2.png  used on input line 89.
(pdftex.def)             Requested size: 324.3614pt x 114.3943pt.
 [3]
File: images/watermark2.png Graphic file (type png)
<use images/watermark2.png>
Package pdftex.def Info: images/watermark2.png  used on input line 90.
(pdftex.def)             Requested size: 324.3614pt x 114.3943pt.
File: images/watermark2.png Graphic file (type png)
<use images/watermark2.png>
Package pdftex.def Info: images/watermark2.png  used on input line 91.
(pdftex.def)             Requested size: 324.3614pt x 114.3943pt.
File: images/watermark2.png Graphic file (type png)
<use images/watermark2.png>
Package pdftex.def Info: images/watermark2.png  used on input line 92.
(pdftex.def)             Requested size: 324.3614pt x 114.3943pt.
File: images/watermark2.png Graphic file (type png)
<use images/watermark2.png>
Package pdftex.def Info: images/watermark2.png  used on input line 93.
(pdftex.def)             Requested size: 324.3614pt x 114.3943pt.
File: images/watermark2.png Graphic file (type png)
<use images/watermark2.png>
Package pdftex.def Info: images/watermark2.png  used on input line 94.
(pdftex.def)             Requested size: 324.3614pt x 114.3943pt.
File: images/watermark2.png Graphic file (type png)
<use images/watermark2.png>
Package pdftex.def Info: images/watermark2.png  used on input line 95.
(pdftex.def)             Requested size: 324.3614pt x 114.3943pt.
File: images/watermark2.png Graphic file (type png)
<use images/watermark2.png>
Package pdftex.def Info: images/watermark2.png  used on input line 96.
(pdftex.def)             Requested size: 324.3614pt x 114.3943pt.
File: images/watermark2.png Graphic file (type png)
<use images/watermark2.png>
Package pdftex.def Info: images/watermark2.png  used on input line 97.
(pdftex.def)             Requested size: 324.3614pt x 114.3943pt.
File: images/watermark2.png Graphic file (type png)
<use images/watermark2.png>
Package pdftex.def Info: images/watermark2.png  used on input line 98.
(pdftex.def)             Requested size: 324.3614pt x 114.3943pt.
File: images/watermark2.png Graphic file (type png)
<use images/watermark2.png>
Package pdftex.def Info: images/watermark2.png  used on input line 99.
(pdftex.def)             Requested size: 324.3614pt x 114.3943pt.
File: images/watermark2.png Graphic file (type png)
<use images/watermark2.png>
Package pdftex.def Info: images/watermark2.png  used on input line 100.
(pdftex.def)             Requested size: 324.3614pt x 114.3943pt.
File: images/watermark2.png Graphic file (type png)
<use images/watermark2.png>
Package pdftex.def Info: images/watermark2.png  used on input line 101.
(pdftex.def)             Requested size: 324.3614pt x 114.3943pt.
File: images/watermark2.png Graphic file (type png)
<use images/watermark2.png>
Package pdftex.def Info: images/watermark2.png  used on input line 102.
(pdftex.def)             Requested size: 324.3614pt x 114.3943pt.
File: images/watermark2.png Graphic file (type png)
<use images/watermark2.png>
Package pdftex.def Info: images/watermark2.png  used on input line 103.
(pdftex.def)             Requested size: 324.3614pt x 114.3943pt.
 [4]
File: images/watermark2.png Graphic file (type png)
<use images/watermark2.png>
Package pdftex.def Info: images/watermark2.png  used on input line 104.
(pdftex.def)             Requested size: 324.3614pt x 114.3943pt.
File: images/watermark2.png Graphic file (type png)
<use images/watermark2.png>
Package pdftex.def Info: images/watermark2.png  used on input line 105.
(pdftex.def)             Requested size: 324.3614pt x 114.3943pt.
File: images/watermark2.png Graphic file (type png)
<use images/watermark2.png>
Package pdftex.def Info: images/watermark2.png  used on input line 106.
(pdftex.def)             Requested size: 324.3614pt x 114.3943pt.
File: images/watermark2.png Graphic file (type png)
<use images/watermark2.png>
Package pdftex.def Info: images/watermark2.png  used on input line 107.
(pdftex.def)             Requested size: 324.3614pt x 114.3943pt.
File: images/watermark2.png Graphic file (type png)
<use images/watermark2.png>
Package pdftex.def Info: images/watermark2.png  used on input line 108.
(pdftex.def)             Requested size: 324.3614pt x 114.3943pt.
File: images/watermark2.png Graphic file (type png)
<use images/watermark2.png>
Package pdftex.def Info: images/watermark2.png  used on input line 109.
(pdftex.def)             Requested size: 324.3614pt x 114.3943pt.
File: images/watermark2.png Graphic file (type png)
<use images/watermark2.png>
Package pdftex.def Info: images/watermark2.png  used on input line 110.
(pdftex.def)             Requested size: 324.3614pt x 114.3943pt.
File: images/watermark2.png Graphic file (type png)
<use images/watermark2.png>
Package pdftex.def Info: images/watermark2.png  used on input line 111.
(pdftex.def)             Requested size: 324.3614pt x 114.3943pt.
File: images/watermark2.png Graphic file (type png)
<use images/watermark2.png>
Package pdftex.def Info: images/watermark2.png  used on input line 112.
(pdftex.def)             Requested size: 324.3614pt x 114.3943pt.
File: images/watermark2.png Graphic file (type png)
<use images/watermark2.png>
Package pdftex.def Info: images/watermark2.png  used on input line 113.
(pdftex.def)             Requested size: 324.3614pt x 114.3943pt.
File: images/watermark2.png Graphic file (type png)
<use images/watermark2.png>
Package pdftex.def Info: images/watermark2.png  used on input line 114.
(pdftex.def)             Requested size: 324.3614pt x 114.3943pt.
File: images/watermark2.png Graphic file (type png)
<use images/watermark2.png>
Package pdftex.def Info: images/watermark2.png  used on input line 115.
(pdftex.def)             Requested size: 324.3614pt x 114.3943pt.
File: images/watermark2.png Graphic file (type png)
<use images/watermark2.png>
Package pdftex.def Info: images/watermark2.png  used on input line 116.
(pdftex.def)             Requested size: 324.3614pt x 114.3943pt.
File: images/watermark2.png Graphic file (type png)
<use images/watermark2.png>
Package pdftex.def Info: images/watermark2.png  used on input line 117.
(pdftex.def)             Requested size: 324.3614pt x 114.3943pt.
 [5]
File: images/watermark2.png Graphic file (type png)
<use images/watermark2.png>
Package pdftex.def Info: images/watermark2.png  used on input line 118.
(pdftex.def)             Requested size: 324.3614pt x 114.3943pt.
File: images/watermark2.png Graphic file (type png)
<use images/watermark2.png>
Package pdftex.def Info: images/watermark2.png  used on input line 119.
(pdftex.def)             Requested size: 324.3614pt x 114.3943pt.
File: images/watermark2.png Graphic file (type png)
<use images/watermark2.png>
Package pdftex.def Info: images/watermark2.png  used on input line 120.
(pdftex.def)             Requested size: 324.3614pt x 114.3943pt.
File: images/watermark2.png Graphic file (type png)
<use images/watermark2.png>
Package pdftex.def Info: images/watermark2.png  used on input line 121.
(pdftex.def)             Requested size: 324.3614pt x 114.3943pt.
File: images/watermark2.png Graphic file (type png)
<use images/watermark2.png>
Package pdftex.def Info: images/watermark2.png  used on input line 122.
(pdftex.def)             Requested size: 324.3614pt x 114.3943pt.
File: images/watermark2.png Graphic file (type png)
<use images/watermark2.png>
Package pdftex.def Info: images/watermark2.png  used on input line 123.
(pdftex.def)             Requested size: 324.3614pt x 114.3943pt.
File: images/watermark2.png Graphic file (type png)
<use images/watermark2.png>
Package pdftex.def Info: images/watermark2.png  used on input line 124.
(pdftex.def)             Requested size: 324.3614pt x 114.3943pt.
File: images/watermark2.png Graphic file (type png)
<use images/watermark2.png>
Package pdftex.def Info: images/watermark2.png  used on input line 125.
(pdftex.def)             Requested size: 324.3614pt x 114.3943pt.
File: images/watermark2.png Graphic file (type png)
<use images/watermark2.png>
Package pdftex.def Info: images/watermark2.png  used on input line 126.
(pdftex.def)             Requested size: 324.3614pt x 114.3943pt.
File: images/watermark2.png Graphic file (type png)
<use images/watermark2.png>
Package pdftex.def Info: images/watermark2.png  used on input line 127.
(pdftex.def)             Requested size: 324.3614pt x 114.3943pt.
File: images/watermark2.png Graphic file (type png)
<use images/watermark2.png>
Package pdftex.def Info: images/watermark2.png  used on input line 128.
(pdftex.def)             Requested size: 324.3614pt x 114.3943pt.
File: images/watermark2.png Graphic file (type png)
<use images/watermark2.png>
Package pdftex.def Info: images/watermark2.png  used on input line 129.
(pdftex.def)             Requested size: 324.3614pt x 114.3943pt.
File: images/watermark2.png Graphic file (type png)
<use images/watermark2.png>
Package pdftex.def Info: images/watermark2.png  used on input line 130.
(pdftex.def)             Requested size: 324.3614pt x 114.3943pt.
File: images/watermark2.png Graphic file (type png)
<use images/watermark2.png>
Package pdftex.def Info: images/watermark2.png  used on input line 131.
(pdftex.def)             Requested size: 324.3614pt x 114.3943pt.
 [6]
File: images/watermark2.png Graphic file (type png)
<use images/watermark2.png>
Package pdftex.def Info: images/watermark2.png  used on input line 132.
(pdftex.def)             Requested size: 324.3614pt x 114.3943pt.
File: images/watermark2.png Graphic file (type png)
<use images/watermark2.png>
Package pdftex.def Info: images/watermark2.png  used on input line 133.
(pdftex.def)             Requested size: 324.3614pt x 114.3943pt.
File: images/watermark2.png Graphic file (type png)
<use images/watermark2.png>
Package pdftex.def Info: images/watermark2.png  used on input line 134.
(pdftex.def)             Requested size: 324.3614pt x 114.3943pt.
File: images/watermark2.png Graphic file (type png)
<use images/watermark2.png>
Package pdftex.def Info: images/watermark2.png  used on input line 135.
(pdftex.def)             Requested size: 324.3614pt x 114.3943pt.
File: images/watermark2.png Graphic file (type png)
<use images/watermark2.png>
Package pdftex.def Info: images/watermark2.png  used on input line 136.
(pdftex.def)             Requested size: 324.3614pt x 114.3943pt.
File: images/watermark2.png Graphic file (type png)
<use images/watermark2.png>
Package pdftex.def Info: images/watermark2.png  used on input line 137.
(pdftex.def)             Requested size: 324.3614pt x 114.3943pt.
File: images/watermark2.png Graphic file (type png)
<use images/watermark2.png>
Package pdftex.def Info: images/watermark2.png  used on input line 138.
(pdftex.def)             Requested size: 324.3614pt x 114.3943pt.
File: images/watermark2.png Graphic file (type png)
<use images/watermark2.png>
Package pdftex.def Info: images/watermark2.png  used on input line 139.
(pdftex.def)             Requested size: 324.3614pt x 114.3943pt.
File: images/watermark2.png Graphic file (type png)
<use images/watermark2.png>
Package pdftex.def Info: images/watermark2.png  used on input line 140.
(pdftex.def)             Requested size: 324.3614pt x 114.3943pt.
File: images/watermark2.png Graphic file (type png)
<use images/watermark2.png>
Package pdftex.def Info: images/watermark2.png  used on input line 141.
(pdftex.def)             Requested size: 324.3614pt x 114.3943pt.
File: images/watermark2.png Graphic file (type png)
<use images/watermark2.png>
Package pdftex.def Info: images/watermark2.png  used on input line 142.
(pdftex.def)             Requested size: 324.3614pt x 114.3943pt.
File: images/watermark2.png Graphic file (type png)
<use images/watermark2.png>
Package pdftex.def Info: images/watermark2.png  used on input line 143.
(pdftex.def)             Requested size: 324.3614pt x 114.3943pt.
File: images/watermark2.png Graphic file (type png)
<use images/watermark2.png>
Package pdftex.def Info: images/watermark2.png  used on input line 144.
(pdftex.def)             Requested size: 324.3614pt x 114.3943pt.
File: images/watermark2.png Graphic file (type png)
<use images/watermark2.png>
Package pdftex.def Info: images/watermark2.png  used on input line 145.
(pdftex.def)             Requested size: 324.3614pt x 114.3943pt.
 [7]
File: images/watermark2.png Graphic file (type png)
<use images/watermark2.png>
Package pdftex.def Info: images/watermark2.png  used on input line 146.
(pdftex.def)             Requested size: 324.3614pt x 114.3943pt.
File: images/watermark2.png Graphic file (type png)
<use images/watermark2.png>
Package pdftex.def Info: images/watermark2.png  used on input line 147.
(pdftex.def)             Requested size: 324.3614pt x 114.3943pt.
File: images/watermark2.png Graphic file (type png)
<use images/watermark2.png>
Package pdftex.def Info: images/watermark2.png  used on input line 148.
(pdftex.def)             Requested size: 324.3614pt x 114.3943pt.
File: images/watermark2.png Graphic file (type png)
<use images/watermark2.png>
Package pdftex.def Info: images/watermark2.png  used on input line 149.
(pdftex.def)             Requested size: 324.3614pt x 114.3943pt.
File: images/watermark2.png Graphic file (type png)
<use images/watermark2.png>
Package pdftex.def Info: images/watermark2.png  used on input line 150.
(pdftex.def)             Requested size: 324.3614pt x 114.3943pt.
File: images/watermark2.png Graphic file (type png)
<use images/watermark2.png>
Package pdftex.def Info: images/watermark2.png  used on input line 151.
(pdftex.def)             Requested size: 324.3614pt x 114.3943pt.
File: images/watermark2.png Graphic file (type png)
<use images/watermark2.png>
Package pdftex.def Info: images/watermark2.png  used on input line 152.
(pdftex.def)             Requested size: 324.3614pt x 114.3943pt.
File: images/watermark2.png Graphic file (type png)
<use images/watermark2.png>
Package pdftex.def Info: images/watermark2.png  used on input line 153.
(pdftex.def)             Requested size: 324.3614pt x 114.3943pt.
File: images/watermark2.png Graphic file (type png)
<use images/watermark2.png>
Package pdftex.def Info: images/watermark2.png  used on input line 154.
(pdftex.def)             Requested size: 324.3614pt x 114.3943pt.
File: images/watermark2.png Graphic file (type png)
<use images/watermark2.png>
Package pdftex.def Info: images/watermark2.png  used on input line 155.
(pdftex.def)             Requested size: 324.3614pt x 114.3943pt.
File: images/watermark2.png Graphic file (type png)
<use images/watermark2.png>
Package pdftex.def Info: images/watermark2.png  used on input line 156.
(pdftex.def)             Requested size: 324.3614pt x 114.3943pt.
File: images/watermark2.png Graphic file (type png)
<use images/watermark2.png>
Package pdftex.def Info: images/watermark2.png  used on input line 157.
(pdftex.def)             Requested size: 324.3614pt x 114.3943pt.
File: images/watermark2.png Graphic file (type png)
<use images/watermark2.png>
Package pdftex.def Info: images/watermark2.png  used on input line 158.
(pdftex.def)             Requested size: 324.3614pt x 114.3943pt.
File: images/watermark2.png Graphic file (type png)
<use images/watermark2.png>
Package pdftex.def Info: images/watermark2.png  used on input line 159.
(pdftex.def)             Requested size: 324.3614pt x 114.3943pt.
 [8]
File: images/watermark2.png Graphic file (type png)
<use images/watermark2.png>
Package pdftex.def Info: images/watermark2.png  used on input line 160.
(pdftex.def)             Requested size: 324.3614pt x 114.3943pt.
File: images/watermark2.png Graphic file (type png)
<use images/watermark2.png>
Package pdftex.def Info: images/watermark2.png  used on input line 161.
(pdftex.def)             Requested size: 324.3614pt x 114.3943pt.
File: images/watermark2.png Graphic file (type png)
<use images/watermark2.png>
Package pdftex.def Info: images/watermark2.png  used on input line 162.
(pdftex.def)             Requested size: 324.3614pt x 114.3943pt.
File: images/watermark2.png Graphic file (type png)
<use images/watermark2.png>
Package pdftex.def Info: images/watermark2.png  used on input line 163.
(pdftex.def)             Requested size: 324.3614pt x 114.3943pt.
File: images/watermark2.png Graphic file (type png)
<use images/watermark2.png>
Package pdftex.def Info: images/watermark2.png  used on input line 164.
(pdftex.def)             Requested size: 324.3614pt x 114.3943pt.
File: images/watermark2.png Graphic file (type png)
<use images/watermark2.png>
Package pdftex.def Info: images/watermark2.png  used on input line 165.
(pdftex.def)             Requested size: 324.3614pt x 114.3943pt.
File: images/watermark2.png Graphic file (type png)
<use images/watermark2.png>
Package pdftex.def Info: images/watermark2.png  used on input line 166.
(pdftex.def)             Requested size: 324.3614pt x 114.3943pt.
File: images/watermark2.png Graphic file (type png)
<use images/watermark2.png>
Package pdftex.def Info: images/watermark2.png  used on input line 167.
(pdftex.def)             Requested size: 324.3614pt x 114.3943pt.
File: images/watermark2.png Graphic file (type png)
<use images/watermark2.png>
Package pdftex.def Info: images/watermark2.png  used on input line 168.
(pdftex.def)             Requested size: 324.3614pt x 114.3943pt.
File: images/watermark2.png Graphic file (type png)
<use images/watermark2.png>
Package pdftex.def Info: images/watermark2.png  used on input line 169.
(pdftex.def)             Requested size: 324.3614pt x 114.3943pt.
File: images/watermark2.png Graphic file (type png)
<use images/watermark2.png>
Package pdftex.def Info: images/watermark2.png  used on input line 170.
(pdftex.def)             Requested size: 324.3614pt x 114.3943pt.
File: images/watermark2.png Graphic file (type png)
<use images/watermark2.png>
Package pdftex.def Info: images/watermark2.png  used on input line 171.
(pdftex.def)             Requested size: 324.3614pt x 114.3943pt.
File: images/watermark2.png Graphic file (type png)
<use images/watermark2.png>
Package pdftex.def Info: images/watermark2.png  used on input line 172.
(pdftex.def)             Requested size: 324.3614pt x 114.3943pt.
File: images/watermark2.png Graphic file (type png)
<use images/watermark2.png>
Package pdftex.def Info: images/watermark2.png  used on input line 173.
(pdftex.def)             Requested size: 324.3614pt x 114.3943pt.
 [9]
File: images/watermark2.png Graphic file (type png)
<use images/watermark2.png>
Package pdftex.def Info: images/watermark2.png  used on input line 174.
(pdftex.def)             Requested size: 324.3614pt x 114.3943pt.
File: images/watermark2.png Graphic file (type png)
<use images/watermark2.png>
Package pdftex.def Info: images/watermark2.png  used on input line 175.
(pdftex.def)             Requested size: 324.3614pt x 114.3943pt.
File: images/watermark2.png Graphic file (type png)
<use images/watermark2.png>
Package pdftex.def Info: images/watermark2.png  used on input line 176.
(pdftex.def)             Requested size: 324.3614pt x 114.3943pt.
File: images/watermark2.png Graphic file (type png)
<use images/watermark2.png>
Package pdftex.def Info: images/watermark2.png  used on input line 177.
(pdftex.def)             Requested size: 324.3614pt x 114.3943pt.
File: images/watermark2.png Graphic file (type png)
<use images/watermark2.png>
Package pdftex.def Info: images/watermark2.png  used on input line 178.
(pdftex.def)             Requested size: 324.3614pt x 114.3943pt.
File: images/watermark2.png Graphic file (type png)
<use images/watermark2.png>
Package pdftex.def Info: images/watermark2.png  used on input line 179.
(pdftex.def)             Requested size: 324.3614pt x 114.3943pt.
File: images/watermark2.png Graphic file (type png)
<use images/watermark2.png>
Package pdftex.def Info: images/watermark2.png  used on input line 180.
(pdftex.def)             Requested size: 324.3614pt x 114.3943pt.
File: images/watermark2.png Graphic file (type png)
<use images/watermark2.png>
Package pdftex.def Info: images/watermark2.png  used on input line 181.
(pdftex.def)             Requested size: 324.3614pt x 114.3943pt.
File: images/watermark2.png Graphic file (type png)
<use images/watermark2.png>
Package pdftex.def Info: images/watermark2.png  used on input line 182.
(pdftex.def)             Requested size: 324.3614pt x 114.3943pt.
File: images/watermark2.png Graphic file (type png)
<use images/watermark2.png>
Package pdftex.def Info: images/watermark2.png  used on input line 183.
(pdftex.def)             Requested size: 324.3614pt x 114.3943pt.
File: images/watermark2.png Graphic file (type png)
<use images/watermark2.png>
Package pdftex.def Info: images/watermark2.png  used on input line 184.
(pdftex.def)             Requested size: 324.3614pt x 114.3943pt.
File: images/watermark2.png Graphic file (type png)
<use images/watermark2.png>
Package pdftex.def Info: images/watermark2.png  used on input line 185.
(pdftex.def)             Requested size: 324.3614pt x 114.3943pt.
File: images/watermark2.png Graphic file (type png)
<use images/watermark2.png>
Package pdftex.def Info: images/watermark2.png  used on input line 186.
(pdftex.def)             Requested size: 324.3614pt x 114.3943pt.
File: images/watermark2.png Graphic file (type png)
<use images/watermark2.png>
Package pdftex.def Info: images/watermark2.png  used on input line 187.
(pdftex.def)             Requested size: 324.3614pt x 114.3943pt.
 [10]
File: images/watermark2.png Graphic file (type png)
<use images/watermark2.png>
Package pdftex.def Info: images/watermark2.png  used on input line 188.
(pdftex.def)             Requested size: 324.3614pt x 114.3943pt.
File: images/watermark2.png Graphic file (type png)
<use images/watermark2.png>
Package pdftex.def Info: images/watermark2.png  used on input line 189.
(pdftex.def)             Requested size: 324.3614pt x 114.3943pt.
File: images/watermark2.png Graphic file (type png)
<use images/watermark2.png>
Package pdftex.def Info: images/watermark2.png  used on input line 190.
(pdftex.def)             Requested size: 324.3614pt x 114.3943pt.
File: images/watermark2.png Graphic file (type png)
<use images/watermark2.png>
Package pdftex.def Info: images/watermark2.png  used on input line 191.
(pdftex.def)             Requested size: 324.3614pt x 114.3943pt.

Underfull \hbox (badness 10000) in paragraph at lines 188--192

 []

[11] (main.aux) ) 
Here is how much of TeX's memory you used:
 1487 strings out of 478338
 26278 string characters out of 2836700
 331777 words of memory out of 3000000
 19942 multiletter control sequences out of 15000+600000
 470173 words of font info for 31 fonts, out of 8000000 for 9000
 1141 hyphenation exceptions out of 8191
 55i,9n,62p,335b,227s stack positions out of 10000i,1000n,20000p,200000b,80000s
<C:/Users/701da/AppData/Local/Programs/MiKTeX/fonts/type1/public/amsfonts/cm/cmbx10.pfb><C:/Users/701da/AppData/Local/Programs/MiKTeX/fonts/type1/public/amsfonts/cm/cmbx12.pfb><C:/Users/701da/AppData/Local/Programs/MiKTeX/fonts/type1/public/amsfonts/cm/cmr10.pfb>
Output written on main.pdf (11 pages, 85067 bytes).
PDF statistics:
 56 PDF objects out of 1000 (max. 8388607)
 0 named destinations out of 1000 (max. 500000)
 6 words of extra memory for PDF output out of 10000 (max. 10000000)

